<?xml version="1.0" encoding="UTF-8"?>
<!-- Generated by org.testng.reporters.JUnitReportReporter -->
<testsuite hostname="Waqas" failures="0" tests="1" name="test_env.Home" time="0.001" errors="0" timestamp="2024-07-02T10:36:23 EDT" skipped="0">
  <testcase classname="test_env.Home" name="homeTest" time="0.001"/>
  <system-out/>
</testsuite> <!-- test_env.Home -->
