<?xml version="1.0" encoding="UTF-8"?>
<!-- Generated by org.testng.reporters.JUnitReportReporter -->
<testsuite hostname="Waqas" failures="0" tests="1" name="prod_env.Login" time="0.002" errors="0" timestamp="2024-07-02T10:36:23 EDT" skipped="0">
  <testcase classname="prod_env.Login" name="loginTestProd" time="0.002"/>
  <system-out/>
</testsuite> <!-- prod_env.Login -->
