<?xml version="1.0" encoding="UTF-8"?>
<!-- Generated by org.testng.reporters.JUnitReportReporter -->
<testsuite hostname="Waqas" failures="0" tests="2" name="groups_in_testNG.Groups_Concepts" time="0.012" errors="0" timestamp="2024-06-28T09:52:16 EDT" skipped="0">
  <testcase classname="groups_in_testNG.Groups_Concepts" name="testCase5" time="0.002"/>
  <system-out/>
  <testcase classname="groups_in_testNG.Groups_Concepts" name="testCase4" time="0.010"/>
  <system-out/>
</testsuite> <!-- groups_in_testNG.Groups_Concepts -->
