<?xml version="1.0" encoding="UTF-8"?>
<!-- Generated by org.testng.reporters.JUnitReportReporter -->
<testsuite hostname="Waqas" failures="0" tests="3" name="parallel_execution_testCases.Parallel_Part2" time="35.709" errors="0" timestamp="2024-06-27T10:36:19 EDT" skipped="0">
  <testcase classname="parallel_execution_testCases.Parallel_Part2" name="logic4" time="4.164"/>
  <system-out/>
  <testcase classname="parallel_execution_testCases.Parallel_Part2" name="logic5" time="13.987"/>
  <system-out/>
  <testcase classname="parallel_execution_testCases.Parallel_Part2" name="logic6" time="17.558"/>
  <system-out/>
</testsuite> <!-- parallel_execution_testCases.Parallel_Part2 -->
