<?xml version="1.0" encoding="UTF-8"?>
<!-- Generated by org.testng.reporters.JUnitReportReporter -->
<testsuite hostname="Waqas" failures="0" tests="1" name="prod_env.Home" time="0.011" errors="0" timestamp="2024-07-02T10:36:23 EDT" skipped="0">
  <testcase classname="prod_env.Home" name="homeTestProd" time="0.011"/>
  <system-out/>
</testsuite> <!-- prod_env.Home -->
