<?xml version="1.0" encoding="UTF-8"?>
<!-- Generated by org.testng.reporters.JUnitReportReporter -->
<testsuite hostname="Waqas" failures="0" tests="1" name="uat_env.Login" time="0.001" errors="0" timestamp="2024-07-02T10:36:23 EDT" skipped="0">
  <testcase classname="uat_env.Login" name="loginTestUat" time="0.001"/>
  <system-out/>
</testsuite> <!-- uat_env.Login -->
