<?xml version="1.0" encoding="UTF-8"?>
<!-- Generated by org.testng.reporters.JUnitReportReporter -->
<testsuite hostname="Waqas" failures="0" tests="7" name="parallel_execution_testCases.Parallel_Part1" time="60.158" errors="0" timestamp="2024-06-27T10:36:19 EDT" skipped="0">
  <testcase classname="parallel_execution_testCases.Parallel_Part1" name="logic1" time="7.030"/>
  <system-out/>
  <testcase classname="parallel_execution_testCases.Parallel_Part1" name="logic1" time="4.239"/>
  <system-out/>
  <testcase classname="parallel_execution_testCases.Parallel_Part1" name="logic1" time="5.999"/>
  <system-out/>
  <testcase classname="parallel_execution_testCases.Parallel_Part1" name="logic1" time="7.612"/>
  <system-out/>
  <testcase classname="parallel_execution_testCases.Parallel_Part1" name="logic1" time="4.680"/>
  <system-out/>
  <testcase classname="parallel_execution_testCases.Parallel_Part1" name="logic2" time="13.231"/>
  <system-out/>
  <testcase classname="parallel_execution_testCases.Parallel_Part1" name="logic3" time="17.367"/>
  <system-out/>
</testsuite> <!-- parallel_execution_testCases.Parallel_Part1 -->
